0 info it worked if it ends with ok
1 verbose cli [ 'D:\\dev\\nodejs\\node.exe',
1 verbose cli   'D:\\dev\\nodejs\\node_modules\\npm\\bin\\npm-cli.js',
1 verbose cli   'start' ]
2 info using npm@3.10.10
3 info using node@v6.11.1
4 verbose run-script [ 'prestart', 'start', 'poststart' ]
5 info lifecycle serviceworker@1.0.0~prestart: serviceworker@1.0.0
6 silly lifecycle serviceworker@1.0.0~prestart: no script for prestart, continuing
7 info lifecycle serviceworker@1.0.0~start: serviceworker@1.0.0
8 verbose lifecycle serviceworker@1.0.0~start: unsafe-perm in lifecycle true
9 verbose lifecycle serviceworker@1.0.0~start: PATH: D:\dev\nvm\v6.11.1\node_modules\npm\bin\node-gyp-bin;C:\Users\cheuk.li\Desktop\ServiceWorker\node_modules\.bin;C:\Windows\system32;C:\Windows;C:\Windows\System32\Wbem;C:\Windows\System32\WindowsPowerShell\v1.0\;C:\Windows\system32\config\systemprofile\.dnx\bin;C:\Program Files\Microsoft DNX\Dnvm\;C:\Program Files\Microsoft SQL Server\120\Tools\Binn\;C:\Program Files\TortoiseHg\;D:\frontend;C:\Program Files\Microsoft SQL Server\130\Tools\Binn\;C:\Program Files\MySQL\MySQL Utilities 1.6\;D:\dev\nvm;D:\dev\nodejs;D:\Program Files\Git\cmd;C:\Program Files\dotnet\;C:\Users\cheuk.li\AppData\Local\Programs\Python\Python35\Scripts\;C:\Users\cheuk.li\AppData\Local\Programs\Python\Python35\;D:\Program Files\Heroku\bin;C:\Program Files\Microsoft VS Code\bin;D:\dev\nvm;D:\dev\nodejs
10 verbose lifecycle serviceworker@1.0.0~start: CWD: C:\Users\cheuk.li\Desktop\ServiceWorker
11 silly lifecycle serviceworker@1.0.0~start: Args: [ '/d /s /c', 'node ./index.js' ]
12 silly lifecycle serviceworker@1.0.0~start: Returned: code: 1  signal: null
13 info lifecycle serviceworker@1.0.0~start: Failed to exec start script
14 verbose stack Error: serviceworker@1.0.0 start: `node ./index.js`
14 verbose stack Exit status 1
14 verbose stack     at EventEmitter.<anonymous> (D:\dev\nvm\v6.11.1\node_modules\npm\lib\utils\lifecycle.js:255:16)
14 verbose stack     at emitTwo (events.js:106:13)
14 verbose stack     at EventEmitter.emit (events.js:191:7)
14 verbose stack     at ChildProcess.<anonymous> (D:\dev\nvm\v6.11.1\node_modules\npm\lib\utils\spawn.js:40:14)
14 verbose stack     at emitTwo (events.js:106:13)
14 verbose stack     at ChildProcess.emit (events.js:191:7)
14 verbose stack     at maybeClose (internal/child_process.js:891:16)
14 verbose stack     at Process.ChildProcess._handle.onexit (internal/child_process.js:226:5)
15 verbose pkgid serviceworker@1.0.0
16 verbose cwd C:\Users\cheuk.li\Desktop\ServiceWorker
17 error Windows_NT 6.1.7601
18 error argv "D:\\dev\\nodejs\\node.exe" "D:\\dev\\nodejs\\node_modules\\npm\\bin\\npm-cli.js" "start"
19 error node v6.11.1
20 error npm  v3.10.10
21 error code ELIFECYCLE
22 error serviceworker@1.0.0 start: `node ./index.js`
22 error Exit status 1
23 error Failed at the serviceworker@1.0.0 start script 'node ./index.js'.
23 error Make sure you have the latest version of node.js and npm installed.
23 error If you do, this is most likely a problem with the serviceworker package,
23 error not with npm itself.
23 error Tell the author that this fails on your system:
23 error     node ./index.js
23 error You can get information on how to open an issue for this project with:
23 error     npm bugs serviceworker
23 error Or if that isn't available, you can get their info via:
23 error     npm owner ls serviceworker
23 error There is likely additional logging output above.
24 verbose exit [ 1, true ]
